Determining if the pthread_create exist failed with the following output:
Change Dir: /home/samarthpatil/my_ws/build/CMakeFiles/CMakeTmp

Run Build Command:"/usr/bin/make" "cmTC_b9dcb/fast"
/usr/bin/make -f CMakeFiles/cmTC_b9dcb.dir/build.make CMakeFiles/cmTC_b9dcb.dir/build
make[1]: Entering directory '/home/samarthpatil/my_ws/build/CMakeFiles/CMakeTmp'
Building C object CMakeFiles/cmTC_b9dcb.dir/CheckSymbolExists.c.o
/usr/bin/cc    -o CMakeFiles/cmTC_b9dcb.dir/CheckSymbolExists.c.o   -c /home/samarthpatil/my_ws/build/CMakeFiles/CMakeTmp/CheckSymbolExists.c
Linking C executable cmTC_b9dcb
/usr/bin/cmake -E cmake_link_script CMakeFiles/cmTC_b9dcb.dir/link.txt --verbose=1
/usr/bin/cc      -rdynamic CMakeFiles/cmTC_b9dcb.dir/CheckSymbolExists.c.o  -o cmTC_b9dcb 
CMakeFiles/cmTC_b9dcb.dir/CheckSymbolExists.c.o: In function `main':
CheckSymbolExists.c:(.text+0x1b): undefined reference to `pthread_create'
collect2: error: ld returned 1 exit status
CMakeFiles/cmTC_b9dcb.dir/build.make:97: recipe for target 'cmTC_b9dcb' failed
make[1]: *** [cmTC_b9dcb] Error 1
make[1]: Leaving directory '/home/samarthpatil/my_ws/build/CMakeFiles/CMakeTmp'
Makefile:126: recipe for target 'cmTC_b9dcb/fast' failed
make: *** [cmTC_b9dcb/fast] Error 2

File /home/samarthpatil/my_ws/build/CMakeFiles/CMakeTmp/CheckSymbolExists.c:
/* */
#include <pthread.h>

int main(int argc, char** argv)
{
  (void)argv;
#ifndef pthread_create
  return ((int*)(&pthread_create))[argc];
#else
  (void)argc;
  return 0;
#endif
}

Determining if the function pthread_create exists in the pthreads failed with the following output:
Change Dir: /home/samarthpatil/my_ws/build/CMakeFiles/CMakeTmp

Run Build Command:"/usr/bin/make" "cmTC_7a216/fast"
/usr/bin/make -f CMakeFiles/cmTC_7a216.dir/build.make CMakeFiles/cmTC_7a216.dir/build
make[1]: Entering directory '/home/samarthpatil/my_ws/build/CMakeFiles/CMakeTmp'
Building C object CMakeFiles/cmTC_7a216.dir/CheckFunctionExists.c.o
/usr/bin/cc   -DCHECK_FUNCTION_EXISTS=pthread_create   -o CMakeFiles/cmTC_7a216.dir/CheckFunctionExists.c.o   -c /usr/share/cmake-3.10/Modules/CheckFunctionExists.c
Linking C executable cmTC_7a216
/usr/bin/cmake -E cmake_link_script CMakeFiles/cmTC_7a216.dir/link.txt --verbose=1
/usr/bin/cc  -DCHECK_FUNCTION_EXISTS=pthread_create    -rdynamic CMakeFiles/cmTC_7a216.dir/CheckFunctionExists.c.o  -o cmTC_7a216 -lpthreads 
/usr/bin/ld: cannot find -lpthreads
collect2: error: ld returned 1 exit status
CMakeFiles/cmTC_7a216.dir/build.make:97: recipe for target 'cmTC_7a216' failed
make[1]: *** [cmTC_7a216] Error 1
make[1]: Leaving directory '/home/samarthpatil/my_ws/build/CMakeFiles/CMakeTmp'
Makefile:126: recipe for target 'cmTC_7a216/fast' failed
make: *** [cmTC_7a216/fast] Error 2


